#
# There is insufficient memory for the Java Runtime Environment to continue.
# Native memory allocation (malloc) failed to allocate 1357448 bytes for Chunk::new
# Possible reasons:
#   The system is out of physical RAM or swap space
#   In 32 bit mode, the process size limit was hit
# Possible solutions:
#   Reduce memory load on the system
#   Increase physical memory or swap space
#   Check if swap backing store is full
#   Use 64 bit Java on a 64 bit OS
#   Decrease Java heap size (-Xmx/-Xms)
#   Decrease number of Java threads
#   Decrease Java thread stack sizes (-Xss)
#   Set larger code cache with -XX:ReservedCodeCacheSize=
# This output file may be truncated or incomplete.
#
#  Out of Memory Error (allocation.cpp:390), pid=700, tid=0x0000018c
#
# JRE version: OpenJDK Runtime Environment (8.0_152-b01) (build 1.8.0_152-release-915-b01)
# Java VM: OpenJDK Server VM (25.152-b01 mixed mode windows-x86 )
# Failed to write core dump. Minidumps are not enabled by default on client versions of Windows
#

---------------  T H R E A D  ---------------

Current thread (0x73099400):  JavaThread "C2 CompilerThread1" daemon [_thread_in_native, id=396, stack(0x73150000,0x731a0000)]

Stack: [0x73150000,0x731a0000],  sp=0x7319e27c,  free space=312k
Native frames: (J=compiled Java code, j=interpreted, Vv=VM code, C=native code)
V  [jvm.dll+0x1a396b]
V  [jvm.dll+0x19c1a8]
V  [jvm.dll+0x7ca81]
V  [jvm.dll+0x7cfa7]
V  [jvm.dll+0x31ce92]
V  [jvm.dll+0x2f3e72]
V  [jvm.dll+0x2fc757]
V  [jvm.dll+0x2fde9b]
V  [jvm.dll+0x2e76d6]
V  [jvm.dll+0x60094]
V  [jvm.dll+0x6081f]
V  [jvm.dll+0x176bc0]
V  [jvm.dll+0x1773fb]
V  [jvm.dll+0x1b6616]
C  [msvcr100.dll+0x5c556]
C  [msvcr100.dll+0x5c600]
C  [KERNEL32.DLL+0x17c04]
C  [ntdll.dll+0x5ad2f]
C  [ntdll.dll+0x5acfa]
C  0x00000000


Current CompileTask:
C2:  18489 6000       4       java.net.URLClassLoader$1::run (5 bytes)


---------------  P R O C E S S  ---------------

Java Threads: ( => current thread )
  0x7c7bc000 JavaThread "Memory manager" [_thread_blocked, id=2620, stack(0x7ee10000,0x7ee60000)]
  0x7c7bbc00 JavaThread "pool-1-thread-1" [_thread_blocked, id=4600, stack(0x7e490000,0x7e4e0000)]
  0x7b150800 JavaThread "build operations Thread 4" [_thread_blocked, id=3644, stack(0x7e980000,0x7e9d0000)]
  0x7b14fc00 JavaThread "build operations Thread 3" [_thread_blocked, id=2600, stack(0x7e8f0000,0x7e940000)]
  0x7b151400 JavaThread "build operations Thread 2" [_thread_blocked, id=3564, stack(0x7e630000,0x7e680000)]
  0x7b150c00 JavaThread "build operations" [_thread_blocked, id=4080, stack(0x7d100000,0x7d150000)]
  0x7b14ec00 JavaThread "Cache worker for Artifact transforms cache (C:\Users\A d m i n\.gradle\caches\transforms-1)" [_thread_blocked, id=4144, stack(0x76bd0000,0x76c20000)]
  0x7b150000 JavaThread "Cache worker for file hash cache (F:\Denis\Projects\Android\Balda\.gradle\4.1\fileHashes)" [_thread_blocked, id=2708, stack(0x752b0000,0x75300000)]
  0x7b19c800 JavaThread "File lock request listener" [_thread_in_native, id=1892, stack(0x75180000,0x751d0000)]
  0x7b19c400 JavaThread "Cache worker for file hash cache (C:\Users\A d m i n\.gradle\caches\4.1\fileHashes)" [_thread_blocked, id=3360, stack(0x750f0000,0x75140000)]
  0x7b01cc00 JavaThread "Stdin handler" [_thread_blocked, id=4712, stack(0x74d50000,0x74da0000)]
  0x7b01c000 JavaThread "Asynchronous log dispatcher for DefaultDaemonConnection: socket connection from /127.0.0.1:52957 to /127.0.0.1:52958" [_thread_blocked, id=4260, stack(0x74a10000,0x74a60000)]
  0x7aedf800 JavaThread "Daemon worker" [_thread_in_native, id=868, stack(0x748a0000,0x748f0000)]
  0x7aedd800 JavaThread "Cancel handler" [_thread_blocked, id=980, stack(0x74770000,0x747c0000)]
  0x7aebc400 JavaThread "Handler for socket connection from /127.0.0.1:52957 to /127.0.0.1:52958" [_thread_in_native, id=3684, stack(0x74510000,0x74560000)]
  0x7aebbc00 JavaThread "Daemon" [_thread_blocked, id=3568, stack(0x74050000,0x740a0000)]
  0x7b06c400 JavaThread "Daemon periodic checks" [_thread_blocked, id=1544, stack(0x74000000,0x74050000)]
  0x7b05d400 JavaThread "Incoming local TCP Connector on port 52957" [_thread_in_native, id=3236, stack(0x73e90000,0x73ee0000)]
  0x73101800 JavaThread "Service Thread" daemon [_thread_blocked, id=4460, stack(0x73270000,0x732c0000)]
  0x730a0400 JavaThread "C1 CompilerThread2" daemon [_thread_blocked, id=4896, stack(0x731e0000,0x73230000)]
=>0x73099400 JavaThread "C2 CompilerThread1" daemon [_thread_in_native, id=396, stack(0x73150000,0x731a0000)]
  0x730a8400 JavaThread "C2 CompilerThread0" daemon [_thread_in_native, id=4248, stack(0x72470000,0x724c0000)]
  0x730a6c00 JavaThread "Attach Listener" daemon [_thread_blocked, id=968, stack(0x723e0000,0x72430000)]
  0x730a6000 JavaThread "Signal Dispatcher" daemon [_thread_blocked, id=1608, stack(0x72350000,0x723a0000)]
  0x73087400 JavaThread "Finalizer" daemon [_thread_blocked, id=1152, stack(0x71910000,0x71960000)]
  0x73071c00 JavaThread "Reference Handler" daemon [_thread_blocked, id=2492, stack(0x11560000,0x115b0000)]
  0x0207c400 JavaThread "main" [_thread_blocked, id=2584, stack(0x004a0000,0x004f0000)]

Other Threads:
  0x7306c800 VMThread [stack: 0x114d0000,0x11520000] [id=4876]
  0x73103000 WatcherThread [stack: 0x73300000,0x73350000] [id=2224]

VM state:not at safepoint (normal execution)

VM Mutex/Monitor currently owned by a thread: None

Heap:
 PSYoungGen      total 200448K, used 28066K [0x51600000, 0x61a80000, 0x71600000)
  eden space 186112K, 7% used [0x51600000,0x52368bf0,0x5cbc0000)
  from space 14336K, 99% used [0x5cbc0000,0x5d9bfe40,0x5d9c0000)
  to   space 16896K, 0% used [0x60a00000,0x60a00000,0x61a80000)
 ParOldGen       total 61696K, used 21047K [0x11600000, 0x15240000, 0x51600000)
  object space 61696K, 34% used [0x11600000,0x12a8dc40,0x15240000)
 Metaspace       used 33349K, capacity 34207K, committed 34304K, reserved 35200K

Card table byte_map: [0x71600000,0x71910000] byte_map_base: 0x71575000

Marking Bits: (ParMarkBitMap*) 0x72a71048
 Begin Bits: [0x77480000, 0x78c80000)
 End Bits:   [0x78c80000, 0x7a480000)

Polling page: 0x00400000

CodeCache: size=245760Kb used=16262Kb max_used=16262Kb free=229497Kb
 bounds [0x02080000, 0x03070000, 0x11080000]
 total_blobs=6052 nmethods=5593 adapters=373
 compilation: enabled

Compilation events (10 events):
Event: 18.454 Thread 0x730a0400 6132       3       java.io.WinNTFileSystem::listRoots (163 bytes)
Event: 18.459 Thread 0x730a0400 nmethod 6132 0x0306ac48 code [0x0306afc0, 0x0306cef4]
Event: 18.459 Thread 0x730a0400 6135       3       org.gradle.api.internal.file.CompositeFileCollection::<init> (5 bytes)
Event: 18.459 Thread 0x730a0400 nmethod 6135 0x03063608 code [0x03063720, 0x03063880]
Event: 18.459 Thread 0x730a0400 6133       3       java.io.File::isAbsolute (8 bytes)
Event: 18.459 Thread 0x730a0400 nmethod 6133 0x03063348 code [0x03063460, 0x0306356c]
Event: 18.459 Thread 0x730a0400 6134       3       java.io.WinNTFileSystem::isAbsolute (36 bytes)
Event: 18.460 Thread 0x730a0400 nmethod 6134 0x0306a588 code [0x0306a6c0, 0x0306aa2c]
Event: 18.476 Thread 0x730a0400 6136       3       java.lang.Class::getDeclaredField (34 bytes)
Event: 18.477 Thread 0x730a0400 nmethod 6136 0x03062e88 code [0x03062fe0, 0x030631fc]

GC Heap History (10 events):
Event: 6.149 GC heap before
{Heap before GC invocations=7 (full 1):
 PSYoungGen      total 133120K, used 4094K [0x51600000, 0x5a300000, 0x71600000)
  eden space 122880K, 0% used [0x51600000,0x51600000,0x58e00000)
  from space 10240K, 39% used [0x59900000,0x59cff918,0x5a300000)
  to   space 10752K, 0% used [0x58e00000,0x58e00000,0x59880000)
 ParOldGen       total 40960K, used 14658K [0x11600000, 0x13e00000, 0x51600000)
  object space 40960K, 35% used [0x11600000,0x12450a88,0x13e00000)
 Metaspace       used 16066K, capacity 16357K, committed 16384K, reserved 16768K
Event: 6.239 GC heap after
Heap after GC invocations=7 (full 1):
 PSYoungGen      total 133120K, used 0K [0x51600000, 0x5a300000, 0x71600000)
  eden space 122880K, 0% used [0x51600000,0x51600000,0x58e00000)
  from space 10240K, 0% used [0x59900000,0x59900000,0x5a300000)
  to   space 10752K, 0% used [0x58e00000,0x58e00000,0x59880000)
 ParOldGen       total 45824K, used 15835K [0x11600000, 0x142c0000, 0x51600000)
  object space 45824K, 34% used [0x11600000,0x12576dc0,0x142c0000)
 Metaspace       used 16066K, capacity 16357K, committed 16384K, reserved 16768K
}
Event: 10.470 GC heap before
{Heap before GC invocations=8 (full 1):
 PSYoungGen      total 133120K, used 122880K [0x51600000, 0x5a300000, 0x71600000)
  eden space 122880K, 100% used [0x51600000,0x58e00000,0x58e00000)
  from space 10240K, 0% used [0x59900000,0x59900000,0x5a300000)
  to   space 10752K, 0% used [0x58e00000,0x58e00000,0x59880000)
 ParOldGen       total 45824K, used 15835K [0x11600000, 0x142c0000, 0x51600000)
  object space 45824K, 34% used [0x11600000,0x12576dc0,0x142c0000)
 Metaspace       used 20853K, capacity 21250K, committed 21376K, reserved 21888K
Event: 10.507 GC heap after
Heap after GC invocations=8 (full 1):
 PSYoungGen      total 133632K, used 8941K [0x51600000, 0x5e540000, 0x71600000)
  eden space 122880K, 0% used [0x51600000,0x51600000,0x58e00000)
  from space 10752K, 83% used [0x58e00000,0x596bb460,0x59880000)
  to   space 11776K, 0% used [0x5d9c0000,0x5d9c0000,0x5e540000)
 ParOldGen       total 45824K, used 15839K [0x11600000, 0x142c0000, 0x51600000)
  object space 45824K, 34% used [0x11600000,0x12577dc0,0x142c0000)
 Metaspace       used 20853K, capacity 21250K, committed 21376K, reserved 21888K
}
Event: 13.327 GC heap before
{Heap before GC invocations=9 (full 1):
 PSYoungGen      total 133632K, used 103308K [0x51600000, 0x5e540000, 0x71600000)
  eden space 122880K, 76% used [0x51600000,0x57227cf0,0x58e00000)
  from space 10752K, 83% used [0x58e00000,0x596bb460,0x59880000)
  to   space 11776K, 0% used [0x5d9c0000,0x5d9c0000,0x5e540000)
 ParOldGen       total 45824K, used 15839K [0x11600000, 0x142c0000, 0x51600000)
  object space 45824K, 34% used [0x11600000,0x12577dc0,0x142c0000)
 Metaspace       used 26773K, capacity 27287K, committed 27308K, reserved 28032K
Event: 13.365 GC heap after
Heap after GC invocations=9 (full 1):
 PSYoungGen      total 197888K, used 11764K [0x51600000, 0x5e8c0000, 0x71600000)
  eden space 186112K, 0% used [0x51600000,0x51600000,0x5cbc0000)
  from space 11776K, 99% used [0x5d9c0000,0x5e53d360,0x5e540000)
  to   space 14336K, 0% used [0x5cbc0000,0x5cbc0000,0x5d9c0000)
 ParOldGen       total 45824K, used 17250K [0x11600000, 0x142c0000, 0x51600000)
  object space 45824K, 37% used [0x11600000,0x126d89b0,0x142c0000)
 Metaspace       used 26773K, capacity 27287K, committed 27308K, reserved 28032K
}
Event: 13.365 GC heap before
{Heap before GC invocations=10 (full 2):
 PSYoungGen      total 197888K, used 11764K [0x51600000, 0x5e8c0000, 0x71600000)
  eden space 186112K, 0% used [0x51600000,0x51600000,0x5cbc0000)
  from space 11776K, 99% used [0x5d9c0000,0x5e53d360,0x5e540000)
  to   space 14336K, 0% used [0x5cbc0000,0x5cbc0000,0x5d9c0000)
 ParOldGen       total 45824K, used 17250K [0x11600000, 0x142c0000, 0x51600000)
  object space 45824K, 37% used [0x11600000,0x126d89b0,0x142c0000)
 Metaspace       used 26773K, capacity 27287K, committed 27308K, reserved 28032K
Event: 13.533 GC heap after
Heap after GC invocations=10 (full 2):
 PSYoungGen      total 197888K, used 0K [0x51600000, 0x5e8c0000, 0x71600000)
  eden space 186112K, 0% used [0x51600000,0x51600000,0x5cbc0000)
  from space 11776K, 0% used [0x5d9c0000,0x5d9c0000,0x5e540000)
  to   space 14336K, 0% used [0x5cbc0000,0x5cbc0000,0x5d9c0000)
 ParOldGen       total 61696K, used 20361K [0x11600000, 0x15240000, 0x51600000)
  object space 61696K, 33% used [0x11600000,0x129e2668,0x15240000)
 Metaspace       used 26773K, capacity 27287K, committed 27308K, reserved 28032K
}
Event: 18.180 GC heap before
{Heap before GC invocations=11 (full 2):
 PSYoungGen      total 197888K, used 186112K [0x51600000, 0x5e8c0000, 0x71600000)
  eden space 186112K, 100% used [0x51600000,0x5cbc0000,0x5cbc0000)
  from space 11776K, 0% used [0x5d9c0000,0x5d9c0000,0x5e540000)
  to   space 14336K, 0% used [0x5cbc0000,0x5cbc0000,0x5d9c0000)
 ParOldGen       total 61696K, used 20361K [0x11600000, 0x15240000, 0x51600000)
  object space 61696K, 33% used [0x11600000,0x129e2668,0x15240000)
 Metaspace       used 32916K, capacity 33697K, committed 33792K, reserved 34176K
Event: 18.213 GC heap after
Heap after GC invocations=11 (full 2):
 PSYoungGen      total 200448K, used 14335K [0x51600000, 0x61a80000, 0x71600000)
  eden space 186112K, 0% used [0x51600000,0x51600000,0x5cbc0000)
  from space 14336K, 99% used [0x5cbc0000,0x5d9bfe40,0x5d9c0000)
  to   space 16896K, 0% used [0x60a00000,0x60a00000,0x61a80000)
 ParOldGen       total 61696K, used 21047K [0x11600000, 0x15240000, 0x51600000)
  object space 61696K, 34% used [0x11600000,0x12a8dc40,0x15240000)
 Metaspace       used 32916K, capacity 33697K, committed 33792K, reserved 34176K
}

Deoptimization events (10 events):
Event: 15.369 Thread 0x7aedf800 Uncommon trap: reason=unstable_if action=reinterpret pc=0x0295c0e4 method=java.lang.Integer.parseInt(Ljava/lang/String;I)I @ 197
Event: 15.734 Thread 0x7aedf800 Uncommon trap: reason=unstable_if action=reinterpret pc=0x02d7d7c4 method=java.util.regex.Pattern$NotBehind.match(Ljava/util/regex/Matcher;ILjava/lang/CharSequence;)Z @ 128
Event: 16.005 Thread 0x7aedf800 Uncommon trap: reason=unstable_if action=reinterpret pc=0x02d22c04 method=java.util.regex.Pattern$Ctype.isSatisfiedBy(I)Z @ 4
Event: 16.005 Thread 0x7aedf800 Uncommon trap: reason=unstable_if action=reinterpret pc=0x02d7e0dc method=java.util.regex.Pattern$BitClass.isSatisfiedBy(I)Z @ 4
Event: 17.424 Thread 0x7aedf800 Uncommon trap: reason=unstable_if action=reinterpret pc=0x02743d88 method=org.objectweb.asm.ByteVector.putUTF8(Ljava/lang/String;)Lorg/objectweb/asm/ByteVector; @ 91
Event: 17.528 Thread 0x7aedf800 Uncommon trap: reason=unstable_if action=reinterpret pc=0x026bc94c method=java.lang.String.lastIndexOf([CII[CIII)I @ 118
Event: 17.629 Thread 0x7aedf800 Uncommon trap: reason=unstable_if action=reinterpret pc=0x028b51ac method=java.io.WinNTFileSystem.normalizePrefix(Ljava/lang/String;ILjava/lang/StringBuffer;)I @ 62
Event: 18.216 Thread 0x73087400 Uncommon trap: reason=unstable_if action=reinterpret pc=0x023e1fac method=java.util.WeakHashMap.expungeStaleEntries()V @ 9
Event: 18.424 Thread 0x7aedf800 Uncommon trap: reason=unstable_if action=reinterpret pc=0x02d88b28 method=java.util.regex.Pattern$LastNode.match(Ljava/util/regex/Matcher;ILjava/lang/CharSequence;)Z @ 13
Event: 18.424 Thread 0x7aedf800 Uncommon trap: reason=unstable_if action=reinterpret pc=0x02c797b8 method=java.util.regex.Pattern$Branch.match(Ljava/util/regex/Matcher;ILjava/lang/CharSequence;)Z @ 35

Classes redefined (0 events):
No events

Internal exceptions (10 events):
Event: 16.257 Thread 0x7aedf800 Exception <a 'sun/nio/fs/WindowsException'> (0x58271cc0) thrown at [D:\src\AOSP-openjdk-cygwin\jdk8u\hotspot\src\share\vm\prims\jni.cpp, line 709]
Event: 16.257 Thread 0x7aedf800 Exception <a 'sun/nio/fs/WindowsException'> (0x582725f8) thrown at [D:\src\AOSP-openjdk-cygwin\jdk8u\hotspot\src\share\vm\prims\jni.cpp, line 709]
Event: 16.257 Thread 0x7aedf800 Exception <a 'sun/nio/fs/WindowsException'> (0x58273fa0) thrown at [D:\src\AOSP-openjdk-cygwin\jdk8u\hotspot\src\share\vm\prims\jni.cpp, line 709]
Event: 16.257 Thread 0x7aedf800 Exception <a 'sun/nio/fs/WindowsException'> (0x582749a8) thrown at [D:\src\AOSP-openjdk-cygwin\jdk8u\hotspot\src\share\vm\prims\jni.cpp, line 709]
Event: 16.811 Thread 0x7aedf800 Exception <a 'java/lang/NoSuchMethodError': java.lang.Object.lambda$comparing$77a9974f$1(Ljava/util/function/Function;Ljava/lang/Object;Ljava/lang/Object;)I> (0x5b532830) thrown at [D:\src\AOSP-openjdk-cygwin\jdk8u\hotspot\src\share\vm\interpreter\linkRes
Event: 16.812 Thread 0x7aedf800 Exception <a 'java/lang/NoSuchMethodError': java.lang.Object.lambda$thenComparing$36697e65$1(Ljava/util/Comparator;Ljava/lang/Object;Ljava/lang/Object;)I> (0x5b53cf30) thrown at [D:\src\AOSP-openjdk-cygwin\jdk8u\hotspot\src\share\vm\interpreter\linkResolv
Event: 16.854 Thread 0x7aedf800 Exception <a 'java/lang/NoSuchMethodError': java.lang.Object.lambda$maxBy$1(Ljava/util/Comparator;Ljava/lang/Object;Ljava/lang/Object;)Ljava/lang/Object;> (0x5b5dfa28) thrown at [D:\src\AOSP-openjdk-cygwin\jdk8u\hotspot\src\share\vm\interpreter\linkResolv
Event: 17.018 Thread 0x7aedf800 Exception <a 'sun/nio/fs/WindowsException'> (0x5b766d38) thrown at [D:\src\AOSP-openjdk-cygwin\jdk8u\hotspot\src\share\vm\prims\jni.cpp, line 709]
Event: 17.270 Thread 0x7aedf800 Exception <a 'java/lang/ClassNotFoundException': org/gradle/api/plugins/BasePluginConventionBeanInfo> (0x5bcabda0) thrown at [D:\src\AOSP-openjdk-cygwin\jdk8u\hotspot\src\share\vm\classfile\systemDictionary.cpp, line 210]
Event: 17.271 Thread 0x7aedf800 Exception <a 'java/lang/ClassNotFoundException': org/gradle/api/plugins/BasePluginConventionCustomizer> (0x5bcca348) thrown at [D:\src\AOSP-openjdk-cygwin\jdk8u\hotspot\src\share\vm\classfile\systemDictionary.cpp, line 210]

Events (10 events):
Event: 18.453 loading class org/gradle/api/plugins/BasePlugin$1$4 done
Event: 18.458 loading class com/android/builder/dexing/DexArchiveBuilderException
Event: 18.458 loading class com/android/builder/dexing/DexArchiveBuilderException done
Event: 18.460 loading class com/android/ide/common/internal/WaitableExecutor
Event: 18.460 loading class com/android/ide/common/internal/WaitableExecutor done
Event: 18.461 loading class java/util/concurrent/ForkJoinPool
Event: 18.476 loading class java/util/concurrent/ForkJoinPool done
Event: 18.477 loading class java/util/concurrent/ForkJoinPool$ForkJoinWorkerThreadFactory
Event: 18.477 loading class java/util/concurrent/ForkJoinPool$ForkJoinWorkerThreadFactory done
Event: 18.477 loading class java/util/concurrent/ForkJoinPool$WorkQueue


Dynamic libraries:
0x001f0000 - 0x0021d000 	E:\AndroidStudio for Win32 zip no installer\android-studio\jre\bin\java.exe
0x77310000 - 0x7747f000 	C:\Windows\SYSTEM32\ntdll.dll
0x76ff0000 - 0x77130000 	C:\Windows\SYSTEM32\KERNEL32.DLL
0x76cb0000 - 0x76d87000 	C:\Windows\SYSTEM32\KERNELBASE.dll
0x73a10000 - 0x73ab0000 	C:\Windows\system32\apphelp.dll
0x74c90000 - 0x74d0c000 	C:\Windows\SYSTEM32\ADVAPI32.dll
0x75520000 - 0x75673000 	C:\Windows\SYSTEM32\USER32.dll
0x740c0000 - 0x742c6000 	C:\Windows\WinSxS\x86_microsoft.windows.common-controls_6595b64144ccf1df_6.0.9600.18006_none_a9ec6aab013aafee\COMCTL32.dll
0x74ea0000 - 0x74f63000 	C:\Windows\SYSTEM32\msvcrt.dll
0x75220000 - 0x75261000 	C:\Windows\SYSTEM32\sechost.dll
0x75350000 - 0x7540a000 	C:\Windows\SYSTEM32\RPCRT4.dll
0x77130000 - 0x7723c000 	C:\Windows\SYSTEM32\GDI32.dll
0x74f70000 - 0x74f8e000 	C:\Windows\SYSTEM32\SspiCli.dll
0x74af0000 - 0x74afa000 	C:\Windows\SYSTEM32\CRYPTBASE.dll
0x74a90000 - 0x74ae4000 	C:\Windows\SYSTEM32\bcryptPrimitives.dll
0x76c80000 - 0x76ca7000 	C:\Windows\system32\IMM32.DLL
0x74f90000 - 0x750a2000 	C:\Windows\SYSTEM32\MSCTF.dll
0x71a90000 - 0x71b4f000 	E:\AndroidStudio for Win32 zip no installer\android-studio\jre\jre\bin\msvcr100.dll
0x72500000 - 0x72ae1000 	E:\AndroidStudio for Win32 zip no installer\android-studio\jre\jre\bin\server\jvm.dll
0x74950000 - 0x74958000 	C:\Windows\SYSTEM32\WSOCK32.dll
0x74920000 - 0x74943000 	C:\Windows\SYSTEM32\WINMM.dll
0x73ff0000 - 0x73ff8000 	C:\Windows\SYSTEM32\VERSION.dll
0x74b00000 - 0x74b06000 	C:\Windows\SYSTEM32\PSAPI.DLL
0x76d90000 - 0x76ddf000 	C:\Windows\SYSTEM32\WS2_32.dll
0x74830000 - 0x74853000 	C:\Windows\SYSTEM32\WINMMBASE.dll
0x75510000 - 0x75517000 	C:\Windows\SYSTEM32\NSI.dll
0x75270000 - 0x752ac000 	C:\Windows\SYSTEM32\cfgmgr32.dll
0x74800000 - 0x74821000 	C:\Windows\SYSTEM32\DEVOBJ.dll
0x747f0000 - 0x747fc000 	E:\AndroidStudio for Win32 zip no installer\android-studio\jre\jre\bin\verify.dll
0x74740000 - 0x74762000 	E:\AndroidStudio for Win32 zip no installer\android-studio\jre\jre\bin\java.dll
0x74720000 - 0x74733000 	E:\AndroidStudio for Win32 zip no installer\android-studio\jre\jre\bin\zip.dll
0x758a0000 - 0x76b5b000 	C:\Windows\SYSTEM32\SHELL32.dll
0x74b10000 - 0x74c8d000 	C:\Windows\SYSTEM32\combase.dll
0x76b80000 - 0x76bc5000 	C:\Windows\SYSTEM32\SHLWAPI.dll
0x73f60000 - 0x73feb000 	C:\Windows\SYSTEM32\SHCORE.dll
0x74960000 - 0x7496f000 	C:\Windows\SYSTEM32\profapi.dll
0x74690000 - 0x746a5000 	E:\AndroidStudio for Win32 zip no installer\android-studio\jre\jre\bin\net.dll
0x74640000 - 0x7468b000 	C:\Windows\system32\mswsock.dll
0x747e0000 - 0x747ef000 	E:\AndroidStudio for Win32 zip no installer\android-studio\jre\jre\bin\nio.dll
0x73770000 - 0x73789000 	C:\Users\A d m i n\.gradle\native\25\windows-i386\native-platform.dll
0x745d0000 - 0x745da000 	E:\AndroidStudio for Win32 zip no installer\android-studio\jre\jre\bin\management.dll
0x74700000 - 0x74719000 	C:\Windows\SYSTEM32\CRYPTSP.dll
0x746d0000 - 0x74700000 	C:\Windows\system32\rsaenh.dll
0x746b0000 - 0x746ce000 	C:\Windows\SYSTEM32\bcrypt.dll
0x74990000 - 0x749ab000 	C:\Windows\SYSTEM32\USERENV.dll
0x749b0000 - 0x749d0000 	C:\Windows\SYSTEM32\IPHLPAPI.DLL
0x74970000 - 0x74978000 	C:\Windows\SYSTEM32\WINNSI.DLL
0x74620000 - 0x74633000 	C:\Windows\SYSTEM32\dhcpcsvc6.DLL
0x74600000 - 0x74614000 	C:\Windows\SYSTEM32\dhcpcsvc.DLL

VM Arguments:
jvm_args: -Xmx1536m -Dfile.encoding=windows-1251 -Duser.country=RU -Duser.language=ru -Duser.variant 
java_command: org.gradle.launcher.daemon.bootstrap.GradleDaemon 4.1
java_class_path (initial): C:\Users\A d m i n\.gradle\wrapper\dists\gradle-4.1-all\bzyivzo6n839fup2jbap0tjew\gradle-4.1\lib\gradle-launcher-4.1.jar
Launcher Type: SUN_STANDARD

Environment Variables:
CLASSPATH=.;..;
PATH=C:\ProgramData\Oracle\Java\javapath;G:\Program Files\Java\bin;C:\Windows\system32;C:\Windows;C:\Windows\System32\Wbem;C:\Windows\System32\WindowsPowerShell\v1.0\;C:\Program Files (x86)\Intel\OpenCL SDK\2.0\bin\x86;C:\Program Files (x86)\Intel\OpenCL SDK\2.0\bin\x64;G:\Git\cmd;G:\Git\mingw64\bin;G:\Git\usr\bin;C:\Program Files (x86)\Skype\Phone\
USERNAME=A d m i n
OS=Windows_NT
PROCESSOR_IDENTIFIER=Intel64 Family 6 Model 37 Stepping 5, GenuineIntel



---------------  S Y S T E M  ---------------

OS: Windows 8.1 , 64 bit Build 9600 (6.3.9600.17415)

CPU:total 4 (initial active 4) (2 cores per cpu, 2 threads per core) family 6 model 37 stepping 5, cmov, cx8, fxsr, mmx, sse, sse2, sse3, ssse3, sse4.1, sse4.2, popcnt, aes, clmul, ht, tsc, tscinvbit

Memory: 4k page, physical 3857908k(628788k free), swap 8090060k(4122164k free)

vm_info: OpenJDK Server VM (25.152-b01) for windows-x86 JRE (1.8.0_152-release-915-b01), built by "builder" with MS VC++ 10.0 (VS2010)

time: Tue Mar 06 00:43:12 2018
elapsed time: 18 seconds (0d 0h 0m 18s)

