#
# There is insufficient memory for the Java Runtime Environment to continue.
# Native memory allocation (malloc) failed to allocate 666728 bytes for Chunk::new
# Possible reasons:
#   The system is out of physical RAM or swap space
#   In 32 bit mode, the process size limit was hit
# Possible solutions:
#   Reduce memory load on the system
#   Increase physical memory or swap space
#   Check if swap backing store is full
#   Use 64 bit Java on a 64 bit OS
#   Decrease Java heap size (-Xmx/-Xms)
#   Decrease number of Java threads
#   Decrease Java thread stack sizes (-Xss)
#   Set larger code cache with -XX:ReservedCodeCacheSize=
# This output file may be truncated or incomplete.
#
#  Out of Memory Error (allocation.cpp:390), pid=4548, tid=0x00000254
#
# JRE version: OpenJDK Runtime Environment (8.0_152-b01) (build 1.8.0_152-release-915-b01)
# Java VM: OpenJDK Server VM (25.152-b01 mixed mode windows-x86 )
# Failed to write core dump. Minidumps are not enabled by default on client versions of Windows
#

---------------  T H R E A D  ---------------

Current thread (0x73237c00):  JavaThread "C2 CompilerThread1" daemon [_thread_in_native, id=596, stack(0x73620000,0x73670000)]

Stack: [0x73620000,0x73670000],  sp=0x7366df9c,  free space=311k
Native frames: (J=compiled Java code, j=interpreted, Vv=VM code, C=native code)
V  [jvm.dll+0x1a396b]
V  [jvm.dll+0x19c1a8]
V  [jvm.dll+0x7ca81]
V  [jvm.dll+0x7cfa7]
V  [jvm.dll+0x31ce92]
V  [jvm.dll+0x2f3d87]
V  [jvm.dll+0x2fc757]
V  [jvm.dll+0x2fde9b]
V  [jvm.dll+0x2e76d6]
V  [jvm.dll+0x60094]
V  [jvm.dll+0x6081f]
V  [jvm.dll+0x176bc0]
V  [jvm.dll+0x1773fb]
V  [jvm.dll+0x1b6616]
C  [msvcr100.dll+0x5c556]
C  [msvcr100.dll+0x5c600]
C  [KERNEL32.DLL+0x17c04]
C  [ntdll.dll+0x5ad2f]
C  [ntdll.dll+0x5acfa]
C  0x00000000


Current CompileTask:
C2:  35819 6812       4       java.io.WinNTFileSystem::normalize (143 bytes)


---------------  P R O C E S S  ---------------

Java Threads: ( => current thread )
  0x7d647800 JavaThread "Memory manager" [_thread_blocked, id=5036, stack(0x7f570000,0x7f5c0000)]
  0x7d647000 JavaThread "pool-1-thread-1" [_thread_blocked, id=4080, stack(0x7f650000,0x7f6a0000)]
  0x7b1bb400 JavaThread "build operations Thread 4" [_thread_blocked, id=320, stack(0x7eed0000,0x7ef20000)]
  0x7b1bac00 JavaThread "build operations Thread 3" [_thread_blocked, id=1676, stack(0x7ec30000,0x7ec80000)]
  0x7b1b8800 JavaThread "build operations Thread 2" [_thread_blocked, id=2520, stack(0x7e4f0000,0x7e540000)]
  0x7b1b8400 JavaThread "build operations" [_thread_blocked, id=4608, stack(0x76c10000,0x76c60000)]
  0x7b1ba000 JavaThread "Cache worker for Artifact transforms cache (C:\Users\A d m i n\.gradle\caches\transforms-1)" [_thread_blocked, id=4384, stack(0x75850000,0x758a0000)]
  0x7b1ba800 JavaThread "Cache worker for file hash cache (F:\Denis\Projects\Android\Balda\.gradle\4.1\fileHashes)" [_thread_blocked, id=3652, stack(0x757c0000,0x75810000)]
  0x7af43000 JavaThread "File lock request listener" [_thread_in_native, id=4824, stack(0x752f0000,0x75340000)]
  0x7af48800 JavaThread "Cache worker for file hash cache (C:\Users\A d m i n\.gradle\caches\4.1\fileHashes)" [_thread_blocked, id=812, stack(0x751d0000,0x75220000)]
  0x7af3f800 JavaThread "Stdin handler" [_thread_blocked, id=1720, stack(0x75140000,0x75190000)]
  0x7af3e800 JavaThread "Asynchronous log dispatcher for DefaultDaemonConnection: socket connection from /127.0.0.1:52861 to /127.0.0.1:52862" [_thread_blocked, id=4260, stack(0x750b0000,0x75100000)]
  0x7af3b800 JavaThread "Daemon worker" [_thread_in_native, id=4984, stack(0x74e10000,0x74e60000)]
  0x7af39800 JavaThread "Cancel handler" [_thread_blocked, id=3284, stack(0x749d0000,0x74a20000)]
  0x7adf1800 JavaThread "Handler for socket connection from /127.0.0.1:52861 to /127.0.0.1:52862" [_thread_in_native, id=1744, stack(0x74860000,0x748b0000)]
  0x7adf1400 JavaThread "Daemon" [_thread_blocked, id=4672, stack(0x74040000,0x74090000)]
  0x7adbfc00 JavaThread "Daemon periodic checks" [_thread_blocked, id=796, stack(0x73f00000,0x73f50000)]
  0x7adbf400 JavaThread "Incoming local TCP Connector on port 52861" [_thread_in_native, id=3672, stack(0x73eb0000,0x73f00000)]
  0x732a8000 JavaThread "Service Thread" daemon [_thread_blocked, id=5076, stack(0x73740000,0x73790000)]
  0x73251800 JavaThread "C1 CompilerThread2" daemon [_thread_blocked, id=868, stack(0x736b0000,0x73700000)]
=>0x73237c00 JavaThread "C2 CompilerThread1" daemon [_thread_in_native, id=596, stack(0x73620000,0x73670000)]
  0x73247800 JavaThread "C2 CompilerThread0" daemon [_thread_in_native, id=4184, stack(0x73590000,0x735e0000)]
  0x73246000 JavaThread "Attach Listener" daemon [_thread_blocked, id=4776, stack(0x73500000,0x73550000)]
  0x73245000 JavaThread "Signal Dispatcher" daemon [_thread_blocked, id=3348, stack(0x73470000,0x734c0000)]
  0x73227400 JavaThread "Finalizer" daemon [_thread_blocked, id=4656, stack(0x732f0000,0x73340000)]
  0x73211c00 JavaThread "Reference Handler" daemon [_thread_blocked, id=4764, stack(0x72470000,0x724c0000)]
  0x00a9c400 JavaThread "main" [_thread_blocked, id=1488, stack(0x00aa0000,0x00af0000)]

Other Threads:
  0x7320c800 VMThread [stack: 0x723e0000,0x72430000] [id=3488]
  0x73276800 WatcherThread [stack: 0x737d0000,0x73820000] [id=808]

VM state:not at safepoint (normal execution)

VM Mutex/Monitor currently owned by a thread: None

Heap:
 PSYoungGen      total 177664K, used 171356K [0x51800000, 0x5d700000, 0x71800000)
  eden space 163840K, 97% used [0x51800000,0x5b440bb0,0x5b800000)
  from space 13824K, 82% used [0x5c680000,0x5d1966f8,0x5d400000)
  to   space 14848K, 0% used [0x5b800000,0x5b800000,0x5c680000)
 ParOldGen       total 47104K, used 19192K [0x11800000, 0x14600000, 0x51800000)
  object space 47104K, 40% used [0x11800000,0x12abe2c0,0x14600000)
 Metaspace       used 36406K, capacity 37326K, committed 37376K, reserved 38272K

Card table byte_map: [0x71800000,0x71b10000] byte_map_base: 0x71774000

Marking Bits: (ParMarkBitMap*) 0x72a71048
 Begin Bits: [0x77480000, 0x78c80000)
 End Bits:   [0x78c80000, 0x7a480000)

Polling page: 0x00a80000

CodeCache: size=245760Kb used=17743Kb max_used=17757Kb free=228016Kb
 bounds [0x02340000, 0x034a8000, 0x11340000]
 total_blobs=6772 nmethods=6313 adapters=373
 compilation: enabled

Compilation events (10 events):
Event: 35.640 Thread 0x73251800 6929       3       org.gradle.model.internal.registry.DefaultModelRegistry$1::onDiscovered (49 bytes)
Event: 35.641 Thread 0x73251800 nmethod 6929 0x0348d288 code [0x0348d400, 0x0348d8dc]
Event: 35.641 Thread 0x73251800 6925       1       org.gradle.model.internal.registry.DefaultModelRegistry$ModelGoal::calculateDependencies (2 bytes)
Event: 35.641 Thread 0x73251800 nmethod 6925 0x0348db48 code [0x0348dc40, 0x0348dce0]
Event: 35.641 Thread 0x73251800 6927       1       com.google.common.base.Predicates$ObjectPredicate$1::apply (2 bytes)
Event: 35.641 Thread 0x73251800 nmethod 6927 0x0348dd48 code [0x0348de40, 0x0348dee0]
Event: 35.641 Thread 0x73251800 6924       1       org.gradle.model.internal.registry.DefaultModelRegistry$MakeKnown::doIsAchieved (2 bytes)
Event: 35.642 Thread 0x73251800 nmethod 6924 0x0348df48 code [0x0348e040, 0x0348e0e0]
Event: 35.719 Thread 0x73247800 nmethod 6854 0x03494348 code [0x034951c0, 0x03499f78]
Event: 35.719 Thread 0x73247800 6850       4       java.util.Arrays$ArrayList::indexOf (62 bytes)

GC Heap History (10 events):
Event: 12.664 GC heap before
{Heap before GC invocations=8 (full 1):
 PSYoungGen      total 72448K, used 59648K [0x51800000, 0x5a380000, 0x71800000)
  eden space 59648K, 100% used [0x51800000,0x55240000,0x55240000)
  from space 12800K, 0% used [0x55e40000,0x55e40000,0x56ac0000)
  to   space 12288K, 0% used [0x55240000,0x55240000,0x55e40000)
 ParOldGen       total 40192K, used 13864K [0x11800000, 0x13f40000, 0x51800000)
  object space 40192K, 34% used [0x11800000,0x1258a1a0,0x13f40000)
 Metaspace       used 18590K, capacity 18872K, committed 18944K, reserved 19840K
Event: 12.674 GC heap after
Heap after GC invocations=8 (full 1):
 PSYoungGen      total 71936K, used 4412K [0x51800000, 0x59c40000, 0x71800000)
  eden space 59648K, 0% used [0x51800000,0x51800000,0x55240000)
  from space 12288K, 35% used [0x55240000,0x5568f2d8,0x55e40000)
  to   space 11520K, 0% used [0x59100000,0x59100000,0x59c40000)
 ParOldGen       total 40192K, used 13868K [0x11800000, 0x13f40000, 0x51800000)
  object space 40192K, 34% used [0x11800000,0x1258b1a0,0x13f40000)
 Metaspace       used 18590K, capacity 18872K, committed 18944K, reserved 19840K
}
Event: 14.772 GC heap before
{Heap before GC invocations=9 (full 1):
 PSYoungGen      total 71936K, used 64060K [0x51800000, 0x59c40000, 0x71800000)
  eden space 59648K, 100% used [0x51800000,0x55240000,0x55240000)
  from space 12288K, 35% used [0x55240000,0x5568f2d8,0x55e40000)
  to   space 11520K, 0% used [0x59100000,0x59100000,0x59c40000)
 ParOldGen       total 40192K, used 13868K [0x11800000, 0x13f40000, 0x51800000)
  object space 40192K, 34% used [0x11800000,0x1258b1a0,0x13f40000)
 Metaspace       used 21182K, capacity 21572K, committed 21632K, reserved 21888K
Event: 14.804 GC heap after
Heap after GC invocations=9 (full 1):
 PSYoungGen      total 120832K, used 7513K [0x51800000, 0x59b00000, 0x71800000)
  eden space 110592K, 0% used [0x51800000,0x51800000,0x58400000)
  from space 10240K, 73% used [0x59100000,0x59856590,0x59b00000)
  to   space 11776K, 0% used [0x58400000,0x58400000,0x58f80000)
 ParOldGen       total 40192K, used 13872K [0x11800000, 0x13f40000, 0x51800000)
  object space 40192K, 34% used [0x11800000,0x1258c1a0,0x13f40000)
 Metaspace       used 21182K, capacity 21572K, committed 21632K, reserved 21888K
}
Event: 29.191 GC heap before
{Heap before GC invocations=10 (full 1):
 PSYoungGen      total 120832K, used 109832K [0x51800000, 0x59b00000, 0x71800000)
  eden space 110592K, 92% used [0x51800000,0x57bebd58,0x58400000)
  from space 10240K, 73% used [0x59100000,0x59856590,0x59b00000)
  to   space 11776K, 0% used [0x58400000,0x58400000,0x58f80000)
 ParOldGen       total 40192K, used 13872K [0x11800000, 0x13f40000, 0x51800000)
  object space 40192K, 34% used [0x11800000,0x1258c1a0,0x13f40000)
 Metaspace       used 26719K, capacity 27278K, committed 27308K, reserved 28032K
Event: 29.220 GC heap after
Heap after GC invocations=10 (full 1):
 PSYoungGen      total 122368K, used 11768K [0x51800000, 0x5d400000, 0x71800000)
  eden space 110592K, 0% used [0x51800000,0x51800000,0x58400000)
  from space 11776K, 99% used [0x58400000,0x58f7e240,0x58f80000)
  to   space 13824K, 0% used [0x5c680000,0x5c680000,0x5d400000)
 ParOldGen       total 40192K, used 14370K [0x11800000, 0x13f40000, 0x51800000)
  object space 40192K, 35% used [0x11800000,0x12608bc0,0x13f40000)
 Metaspace       used 26719K, capacity 27278K, committed 27308K, reserved 28032K
}
Event: 29.220 GC heap before
{Heap before GC invocations=11 (full 2):
 PSYoungGen      total 122368K, used 11768K [0x51800000, 0x5d400000, 0x71800000)
  eden space 110592K, 0% used [0x51800000,0x51800000,0x58400000)
  from space 11776K, 99% used [0x58400000,0x58f7e240,0x58f80000)
  to   space 13824K, 0% used [0x5c680000,0x5c680000,0x5d400000)
 ParOldGen       total 40192K, used 14370K [0x11800000, 0x13f40000, 0x51800000)
  object space 40192K, 35% used [0x11800000,0x12608bc0,0x13f40000)
 Metaspace       used 26719K, capacity 27278K, committed 27308K, reserved 28032K
Event: 29.353 GC heap after
Heap after GC invocations=11 (full 2):
 PSYoungGen      total 122368K, used 0K [0x51800000, 0x5d400000, 0x71800000)
  eden space 110592K, 0% used [0x51800000,0x51800000,0x58400000)
  from space 11776K, 0% used [0x58400000,0x58400000,0x58f80000)
  to   space 13824K, 0% used [0x5c680000,0x5c680000,0x5d400000)
 ParOldGen       total 47104K, used 19188K [0x11800000, 0x14600000, 0x51800000)
  object space 47104K, 40% used [0x11800000,0x12abd2c0,0x14600000)
 Metaspace       used 26687K, capacity 27230K, committed 27308K, reserved 28032K
}
Event: 32.401 GC heap before
{Heap before GC invocations=12 (full 2):
 PSYoungGen      total 122368K, used 110592K [0x51800000, 0x5d400000, 0x71800000)
  eden space 110592K, 100% used [0x51800000,0x58400000,0x58400000)
  from space 11776K, 0% used [0x58400000,0x58400000,0x58f80000)
  to   space 13824K, 0% used [0x5c680000,0x5c680000,0x5d400000)
 ParOldGen       total 47104K, used 19188K [0x11800000, 0x14600000, 0x51800000)
  object space 47104K, 40% used [0x11800000,0x12abd2c0,0x14600000)
 Metaspace       used 32890K, capacity 33529K, committed 33664K, reserved 34176K
Event: 32.436 GC heap after
Heap after GC invocations=12 (full 2):
 PSYoungGen      total 177664K, used 11353K [0x51800000, 0x5d700000, 0x71800000)
  eden space 163840K, 0% used [0x51800000,0x51800000,0x5b800000)
  from space 13824K, 82% used [0x5c680000,0x5d1966f8,0x5d400000)
  to   space 14848K, 0% used [0x5b800000,0x5b800000,0x5c680000)
 ParOldGen       total 47104K, used 19192K [0x11800000, 0x14600000, 0x51800000)
  object space 47104K, 40% used [0x11800000,0x12abe2c0,0x14600000)
 Metaspace       used 32890K, capacity 33529K, committed 33664K, reserved 34176K
}

Deoptimization events (10 events):
Event: 34.951 Thread 0x7af3b800 Uncommon trap: reason=unstable_if action=reinterpret pc=0x03140a28 method=java.util.regex.Pattern$LastNode.match(Ljava/util/regex/Matcher;ILjava/lang/CharSequence;)Z @ 13
Event: 35.105 Thread 0x7af3b800 Uncommon trap: reason=unstable_if action=reinterpret pc=0x02ad2848 method=org.objectweb.asm.Type.getArgumentsAndReturnSizes(Ljava/lang/String;)I @ 47
Event: 35.105 Thread 0x7af3b800 Uncommon trap: reason=unstable_if action=reinterpret pc=0x027630d0 method=org.objectweb.asm.Type.getArgumentsAndReturnSizes(Ljava/lang/String;)I @ 47
Event: 35.168 Thread 0x7af3b800 Uncommon trap: reason=unstable_if action=reinterpret pc=0x032ee018 method=java.util.TreeMap.put(Ljava/lang/Object;Ljava/lang/Object;)Ljava/lang/Object; @ 163
Event: 35.497 Thread 0x7af3b800 Uncommon trap: reason=class_check action=maybe_recompile pc=0x026399c0 method=org.gradle.internal.logging.text.AbstractLineChoppingStyledTextOutput$StateContext.flushLineText()V @ 110
Event: 35.497 Thread 0x7af3b800 Uncommon trap: reason=class_check action=maybe_recompile pc=0x026399c0 method=org.gradle.internal.logging.text.AbstractLineChoppingStyledTextOutput$StateContext.flushLineText()V @ 110
Event: 35.529 Thread 0x7af3b800 Uncommon trap: reason=class_check action=maybe_recompile pc=0x02fbd36c method=org.gradle.model.internal.type.ModelType.wrap(Ljava/lang/reflect/Type;)Lorg/gradle/model/internal/type/TypeWrapper; @ 33
Event: 35.530 Thread 0x7af3b800 Uncommon trap: reason=class_check action=maybe_recompile pc=0x02fbd4f0 method=org.gradle.model.internal.type.ModelType.wrap(Ljava/lang/reflect/Type;)Lorg/gradle/model/internal/type/TypeWrapper; @ 83
Event: 35.532 Thread 0x7af3b800 Uncommon trap: reason=class_check action=maybe_recompile pc=0x02fbd36c method=org.gradle.model.internal.type.ModelType.wrap(Ljava/lang/reflect/Type;)Lorg/gradle/model/internal/type/TypeWrapper; @ 33
Event: 35.532 Thread 0x7af3b800 Uncommon trap: reason=class_check action=maybe_recompile pc=0x02fbd4f0 method=org.gradle.model.internal.type.ModelType.wrap(Ljava/lang/reflect/Type;)Lorg/gradle/model/internal/type/TypeWrapper; @ 83

Classes redefined (0 events):
No events

Internal exceptions (10 events):
Event: 35.435 Thread 0x7af3b800 Exception <a 'java/lang/ClassNotFoundException': com/android/build/gradle/internal/api/BaseVariantOutputImplBeanInfo> (0x5aad3d48) thrown at [D:\src\AOSP-openjdk-cygwin\jdk8u\hotspot\src\share\vm\classfile\systemDictionary.cpp, line 210]
Event: 35.436 Thread 0x7af3b800 Exception <a 'java/lang/ClassNotFoundException': com/android/build/gradle/internal/api/BaseVariantOutputImplCustomizer> (0x5aae98d0) thrown at [D:\src\AOSP-openjdk-cygwin\jdk8u\hotspot\src\share\vm\classfile\systemDictionary.cpp, line 210]
Event: 35.439 Thread 0x7af3b800 Exception <a 'java/lang/ClassNotFoundException': com/android/build/gradle/internal/api/ApkVariantOutputImplCustomizer> (0x5ab18880) thrown at [D:\src\AOSP-openjdk-cygwin\jdk8u\hotspot\src\share\vm\classfile\systemDictionary.cpp, line 210]
Event: 35.441 Thread 0x7af3b800 Exception <a 'java/lang/ClassNotFoundException': com/android/build/gradle/internal/api/ApkVariantOutputImpl_DecoratedCustomizer> (0x5ab3f738) thrown at [D:\src\AOSP-openjdk-cygwin\jdk8u\hotspot\src\share\vm\classfile\systemDictionary.cpp, line 210]
Event: 35.608 Thread 0x7af3b800 Exception <a 'java/lang/ClassNotFoundException': org/gradle/platform/base/BinaryContainer_ImplBeanInfo> (0x5afd3a28) thrown at [D:\src\AOSP-openjdk-cygwin\jdk8u\hotspot\src\share\vm\classfile\systemDictionary.cpp, line 210]
Event: 35.609 Thread 0x7af3b800 Exception <a 'java/lang/ClassNotFoundException': org/gradle/model/internal/core/NodeBackedModelMapBeanInfo> (0x5afe5cb0) thrown at [D:\src\AOSP-openjdk-cygwin\jdk8u\hotspot\src\share\vm\classfile\systemDictionary.cpp, line 210]
Event: 35.610 Thread 0x7af3b800 Exception <a 'java/lang/ClassNotFoundException': org/gradle/model/internal/core/ModelMapGroovyViewBeanInfo> (0x5aff7f30) thrown at [D:\src\AOSP-openjdk-cygwin\jdk8u\hotspot\src\share\vm\classfile\systemDictionary.cpp, line 210]
Event: 35.610 Thread 0x7af3b800 Exception <a 'java/lang/ClassNotFoundException': org/gradle/model/internal/core/ModelMapGroovyViewCustomizer> (0x5b00a1f0) thrown at [D:\src\AOSP-openjdk-cygwin\jdk8u\hotspot\src\share\vm\classfile\systemDictionary.cpp, line 210]
Event: 35.612 Thread 0x7af3b800 Exception <a 'java/lang/ClassNotFoundException': org/gradle/model/internal/core/NodeBackedModelMapCustomizer> (0x5b02d408) thrown at [D:\src\AOSP-openjdk-cygwin\jdk8u\hotspot\src\share\vm\classfile\systemDictionary.cpp, line 210]
Event: 35.617 Thread 0x7af3b800 Exception <a 'java/lang/ClassNotFoundException': org/gradle/platform/base/BinaryContainer_ImplCustomizer> (0x5b086078) thrown at [D:\src\AOSP-openjdk-cygwin\jdk8u\hotspot\src\share\vm\classfile\systemDictionary.cpp, line 210]

Events (10 events):
Event: 35.713 loading class org/gradle/tooling/internal/protocol/InternalUnsupportedModelException
Event: 35.713 loading class org/gradle/tooling/internal/protocol/InternalUnsupportedModelException done
Event: 35.713 loading class org/gradle/tooling/internal/consumer/versioning/ModelMapping
Event: 35.713 loading class org/gradle/tooling/internal/consumer/versioning/ModelMapping done
Event: 35.714 loading class org/gradle/tooling/internal/protocol/ModelIdentifier
Event: 35.714 loading class org/gradle/tooling/internal/protocol/ModelIdentifier done
Event: 35.715 loading class org/gradle/tooling/internal/protocol/ModelIdentifier
Event: 35.715 loading class org/gradle/tooling/internal/protocol/ModelIdentifier done
Event: 35.715 loading class com/google/common/collect/BiMap
Event: 35.715 loading class com/google/common/collect/BiMap done


Dynamic libraries:
0x001f0000 - 0x0021d000 	E:\AndroidStudio for Win32 zip no installer\android-studio\jre\bin\java.exe
0x77310000 - 0x7747f000 	C:\Windows\SYSTEM32\ntdll.dll
0x76ff0000 - 0x77130000 	C:\Windows\SYSTEM32\KERNEL32.DLL
0x76cb0000 - 0x76d87000 	C:\Windows\SYSTEM32\KERNELBASE.dll
0x73a10000 - 0x73ab0000 	C:\Windows\system32\apphelp.dll
0x74c90000 - 0x74d0c000 	C:\Windows\SYSTEM32\ADVAPI32.dll
0x75520000 - 0x75673000 	C:\Windows\SYSTEM32\USER32.dll
0x740c0000 - 0x742c6000 	C:\Windows\WinSxS\x86_microsoft.windows.common-controls_6595b64144ccf1df_6.0.9600.18006_none_a9ec6aab013aafee\COMCTL32.dll
0x74ea0000 - 0x74f63000 	C:\Windows\SYSTEM32\msvcrt.dll
0x75220000 - 0x75261000 	C:\Windows\SYSTEM32\sechost.dll
0x75350000 - 0x7540a000 	C:\Windows\SYSTEM32\RPCRT4.dll
0x77130000 - 0x7723c000 	C:\Windows\SYSTEM32\GDI32.dll
0x74f70000 - 0x74f8e000 	C:\Windows\SYSTEM32\SspiCli.dll
0x74af0000 - 0x74afa000 	C:\Windows\SYSTEM32\CRYPTBASE.dll
0x74a90000 - 0x74ae4000 	C:\Windows\SYSTEM32\bcryptPrimitives.dll
0x76c80000 - 0x76ca7000 	C:\Windows\system32\IMM32.DLL
0x74f90000 - 0x750a2000 	C:\Windows\SYSTEM32\MSCTF.dll
0x71b10000 - 0x71bcf000 	E:\AndroidStudio for Win32 zip no installer\android-studio\jre\jre\bin\msvcr100.dll
0x72500000 - 0x72ae1000 	E:\AndroidStudio for Win32 zip no installer\android-studio\jre\jre\bin\server\jvm.dll
0x74950000 - 0x74958000 	C:\Windows\SYSTEM32\WSOCK32.dll
0x74920000 - 0x74943000 	C:\Windows\SYSTEM32\WINMM.dll
0x73ff0000 - 0x73ff8000 	C:\Windows\SYSTEM32\VERSION.dll
0x74b00000 - 0x74b06000 	C:\Windows\SYSTEM32\PSAPI.DLL
0x76d90000 - 0x76ddf000 	C:\Windows\SYSTEM32\WS2_32.dll
0x74830000 - 0x74853000 	C:\Windows\SYSTEM32\WINMMBASE.dll
0x75510000 - 0x75517000 	C:\Windows\SYSTEM32\NSI.dll
0x75270000 - 0x752ac000 	C:\Windows\SYSTEM32\cfgmgr32.dll
0x74800000 - 0x74821000 	C:\Windows\SYSTEM32\DEVOBJ.dll
0x747f0000 - 0x747fc000 	E:\AndroidStudio for Win32 zip no installer\android-studio\jre\jre\bin\verify.dll
0x74740000 - 0x74762000 	E:\AndroidStudio for Win32 zip no installer\android-studio\jre\jre\bin\java.dll
0x74720000 - 0x74733000 	E:\AndroidStudio for Win32 zip no installer\android-studio\jre\jre\bin\zip.dll
0x758a0000 - 0x76b5b000 	C:\Windows\SYSTEM32\SHELL32.dll
0x74b10000 - 0x74c8d000 	C:\Windows\SYSTEM32\combase.dll
0x76b80000 - 0x76bc5000 	C:\Windows\SYSTEM32\SHLWAPI.dll
0x73f60000 - 0x73feb000 	C:\Windows\SYSTEM32\SHCORE.dll
0x74960000 - 0x7496f000 	C:\Windows\SYSTEM32\profapi.dll
0x74690000 - 0x746a5000 	E:\AndroidStudio for Win32 zip no installer\android-studio\jre\jre\bin\net.dll
0x74640000 - 0x7468b000 	C:\Windows\system32\mswsock.dll
0x747e0000 - 0x747ef000 	E:\AndroidStudio for Win32 zip no installer\android-studio\jre\jre\bin\nio.dll
0x73850000 - 0x73869000 	C:\Users\A d m i n\.gradle\native\25\windows-i386\native-platform.dll
0x745d0000 - 0x745da000 	E:\AndroidStudio for Win32 zip no installer\android-studio\jre\jre\bin\management.dll
0x74700000 - 0x74719000 	C:\Windows\SYSTEM32\CRYPTSP.dll
0x746d0000 - 0x74700000 	C:\Windows\system32\rsaenh.dll
0x746b0000 - 0x746ce000 	C:\Windows\SYSTEM32\bcrypt.dll
0x74990000 - 0x749ab000 	C:\Windows\SYSTEM32\USERENV.dll
0x749b0000 - 0x749d0000 	C:\Windows\SYSTEM32\IPHLPAPI.DLL
0x74970000 - 0x74978000 	C:\Windows\SYSTEM32\WINNSI.DLL
0x74620000 - 0x74633000 	C:\Windows\SYSTEM32\dhcpcsvc6.DLL
0x74600000 - 0x74614000 	C:\Windows\SYSTEM32\dhcpcsvc.DLL

VM Arguments:
jvm_args: -Xmx1536m -Dfile.encoding=windows-1251 -Duser.country=RU -Duser.language=ru -Duser.variant 
java_command: org.gradle.launcher.daemon.bootstrap.GradleDaemon 4.1
java_class_path (initial): C:\Users\A d m i n\.gradle\wrapper\dists\gradle-4.1-all\bzyivzo6n839fup2jbap0tjew\gradle-4.1\lib\gradle-launcher-4.1.jar
Launcher Type: SUN_STANDARD

Environment Variables:
CLASSPATH=.;..;
PATH=C:\ProgramData\Oracle\Java\javapath;G:\Program Files\Java\bin;C:\Windows\system32;C:\Windows;C:\Windows\System32\Wbem;C:\Windows\System32\WindowsPowerShell\v1.0\;C:\Program Files (x86)\Intel\OpenCL SDK\2.0\bin\x86;C:\Program Files (x86)\Intel\OpenCL SDK\2.0\bin\x64;G:\Git\cmd;G:\Git\mingw64\bin;G:\Git\usr\bin;C:\Program Files (x86)\Skype\Phone\
USERNAME=A d m i n
OS=Windows_NT
PROCESSOR_IDENTIFIER=Intel64 Family 6 Model 37 Stepping 5, GenuineIntel



---------------  S Y S T E M  ---------------

OS: Windows 8.1 , 64 bit Build 9600 (6.3.9600.17415)

CPU:total 4 (initial active 4) (2 cores per cpu, 2 threads per core) family 6 model 37 stepping 5, cmov, cx8, fxsr, mmx, sse, sse2, sse3, ssse3, sse4.1, sse4.2, popcnt, aes, clmul, ht, tsc, tscinvbit

Memory: 4k page, physical 3857908k(1011364k free), swap 8090060k(4578984k free)

vm_info: OpenJDK Server VM (25.152-b01) for windows-x86 JRE (1.8.0_152-release-915-b01), built by "builder" with MS VC++ 10.0 (VS2010)

time: Tue Mar 06 00:36:59 2018
elapsed time: 35 seconds (0d 0h 0m 35s)

